C51 COMPILER V9.60.7.0   EEPROM_CRL                                                        07/14/2025 11:08:36 PAGE 1   


C51 COMPILER V9.60.7.0, COMPILATION OF MODULE EEPROM_CRL
OBJECT MODULE PLACED IN ..\Output\eeprom_crl.obj
COMPILER INVOKED BY: D:\APP\Keil_v5\C51\BIN\C51.EXE ..\BSP\Src\eeprom_crl.c LARGE OPTIMIZE(8,SPEED) BROWSE INCDIR(..\BSP
                    -\Inc;..\Core\Inc;..\Driver;..\Emembed\Inc;..\SYSTEM\Inc) DEBUG OBJECTEXTEND PRINT(.\Listings\eeprom_crl.lst) OBJECT(..\O
                    -utput\eeprom_crl.obj)

line level    source

   1          #include "eeprom_crl.h"
   2          
   3          /**
   4           * @brief       eeprom状态判定，是否写入过
   5           *
   6           * @param   
   7           *
   8           * @return  void
   9          **/
  10          void eeprom_statu_judge( void )
  11          {
  12   1          uint8_t eeprom_statu_flag;
  13   1      
  14   1          eeprom_statu_flag = ISP_Read(EEPROM_STATU_JUDGE);
  15   1          //printf("The value of eeprom_statu_flag is 0x%02x \r\n",(int)eeprom_statu_flag);
  16   1          if( eeprom_statu_flag == 0xFF)
  17   1          {
  18   2              slave_06.fan_level          = 0x03;          //011 pwm7默认开3档风速
  19   2              slave_06.led_switch         = 0x01;          //0000000 1  led默认开
  20   2              slave_06.ac220_switch       = 0x00;          //默认关闭220V输出
  21   2              slave_06.bake_power_level   = 0x32;          //220V_CH4默认开，50%功率
  22   2              slave_06.bake_fan_level     = 0x03;          //011 pwm8默认开3档风速  
  23   2              slave_06.temp1_alarm_value  = 0x50;          //NTC1 alarm value 默认80℃
  24   2              slave_06.temp2_alarm_value  = 0x50;          //NTC2 alarm value 默认80℃  
  25   2              slave_06.temp3_alarm_value  = 0x50;          //NTC3 alarm value 默认80℃ 
  26   2              slave_06.sync_switch1        = 0;
  27   2              eeprom_data_record(); 
  28   2          }
  29   1          eeprom_data_init();    
  30   1      }
  31          
  32          /**
  33           * @brief       eeprom 数据写入
  34           *
  35           * @param   
  36           *
  37           * @return  void
  38          **/
  39          void eeprom_data_record( void )
  40          {
  41   1          ISP_Earse(0x0000);
  42   1      
  43   1          ISP_Write(LED_ADDR,slave_06.led_switch);
  44   1          ISP_Write(FAN_ADDR,slave_06.fan_level);
  45   1          ISP_Write(AC220_ADDR,slave_06.ac220_switch);
  46   1          ISP_Write(BAKE_POWER_ADDR,slave_06.bake_power_level);
  47   1          ISP_Write(BAKE_FAN_ADDR,slave_06.bake_fan_level);
  48   1          ISP_Write(TEMP_ALARM1,slave_06.temp1_alarm_value);
  49   1          ISP_Write(TEMP_ALARM2,slave_06.temp2_alarm_value);
  50   1          ISP_Write(TEMP_ALARM3,slave_06.temp3_alarm_value);
  51   1          ISP_Write(SYNC_ADDR,slave_06.sync_switch1);
  52   1      
  53   1          ISP_Write(EEPROM_STATU_JUDGE,0x58);
C51 COMPILER V9.60.7.0   EEPROM_CRL                                                        07/14/2025 11:08:36 PAGE 2   

  54   1      }
  55          
  56          /**
  57           * @brief       eeprom 数据初始化
  58           *
  59           * @param   
  60           *
  61           * @return  void
  62          **/
  63          void eeprom_data_init( void )
  64          {
  65   1          /*    LED开关状态初始化    */
  66   1          slave_06.led_switch = ISP_Read(LED_ADDR);
  67   1          led_ctrl(slave_06.led_switch);
  68   1      
  69   1          /*    PWM7、PWM8 风速及开关状态初始化    */
  70   1          slave_06.fan_level = ISP_Read(FAN_ADDR);
  71   1          fan_ctrl(slave_06.fan_level);
  72   1      
  73   1          /*    220V输出开关状态初始化    */
  74   1          slave_06.ac220_switch = ISP_Read(AC220_ADDR);
  75   1          ac220_ctrl(slave_06.ac220_switch);
  76   1      
  77   1          /*    220V输出开关状态初始化    */
  78   1          slave_06.bake_fan_level   = ISP_Read(BAKE_FAN_ADDR);
  79   1          slave_06.bake_power_level = ISP_Read(BAKE_POWER_ADDR);
  80   1      
  81   1          bake_power_ctrl(slave_06.bake_power_level);
  82   1          bake_fan_ctrl(slave_06.bake_fan_level);
  83   1      
  84   1      
  85   1          /*    三路NTC alarm value初始化    */
  86   1          slave_06.temp1_alarm_value = ISP_Read(TEMP_ALARM1);
  87   1          slave_06.temp2_alarm_value = ISP_Read(TEMP_ALARM2);
  88   1          slave_06.temp3_alarm_value = ISP_Read(TEMP_ALARM3);
  89   1      
  90   1          slave_06.sync_switch1       = ISP_Read(SYNC_ADDR);
  91   1      
  92   1          slave_06.power_switch = 1;
  93   1          slave_06.sync_switch2 = 0;
  94   1      }


MODULE INFORMATION:   STATIC OVERLAYABLE
   CODE SIZE        =    322    ----
   CONSTANT SIZE    =   ----    ----
   XDATA SIZE       =   ----    ----
   PDATA SIZE       =   ----    ----
   DATA SIZE        =   ----    ----
   IDATA SIZE       =   ----    ----
   BIT SIZE         =   ----    ----
END OF MODULE INFORMATION.


C51 COMPILATION COMPLETE.  0 WARNING(S),  0 ERROR(S)
